Using pre-set license

 COMMAND LINE ARGUMENTS:
/Applications/Unity/Hub/Editor/2020.3.2f1/Unity.app/Contents/MacOS/Unity
-adb2
-batchMode
-noUpm
-name
AssetImportWorker0
-projectPath
/Users/hananjuneydi/Documents/New-Unity-Project
-logFile
Logs/AssetImportWorker0.log
-srvPort
49599
Successfully changed project path to: /Users/hananjuneydi/Documents/New-Unity-Project
/Users/hananjuneydi/Documents/New-Unity-Project
Using Asset Import Pipeline V2.
Refreshing native plugins compatible for Editor in 31.17 ms, found 1 plugins.
Preloading 0 native plugins for Editor in 0.00 ms.
Initialize engine version: 2020.3.2f1 (8fd9074bf66c)
[Subsystems] Discovering subsystems at path /Applications/Unity/Hub/Editor/2020.3.2f1/Unity.app/Contents/Resources/UnitySubsystems
[Subsystems] Discovering subsystems at path /Users/hananjuneydi/Documents/New-Unity-Project/Assets
GfxDevice: creating device client; threaded=0
2021-04-06 09:36:10.268 Unity[893:28887] Color LCD preferred device: Intel(R) Iris(TM) Plus Graphics 645 (low power)
2021-04-06 09:36:10.268 Unity[893:28887] Metal devices available: 1
2021-04-06 09:36:10.268 Unity[893:28887] 0: Intel(R) Iris(TM) Plus Graphics 645 (low power)
2021-04-06 09:36:10.269 Unity[893:28887] Using device Intel(R) Iris(TM) Plus Graphics 645 (low power)
Initializing Metal device caps: Intel(R) Iris(TM) Plus Graphics 645
Initialize mono
Mono path[0] = '/Applications/Unity/Hub/Editor/2020.3.2f1/Unity.app/Contents/Managed'
Mono path[1] = '/Applications/Unity/Hub/Editor/2020.3.2f1/Unity.app/Contents/MonoBleedingEdge/lib/mono/unityjit'
Mono config path = '/Applications/Unity/Hub/Editor/2020.3.2f1/Unity.app/Contents/MonoBleedingEdge/etc'
Using monoOptions --debugger-agent=transport=dt_socket,embedding=1,server=y,suspend=n,address=127.0.0.1:56893
Begin MonoManager ReloadAssembly
Registering precompiled unity dll's ...
Register platform support module: /Applications/Unity/Hub/Editor/2020.3.2f1/Unity.app/Contents/PlaybackEngines/MacStandaloneSupport/UnityEditor.OSXStandalone.Extensions.dll
Register platform support module: /Applications/Unity/Hub/Editor/2020.3.2f1/PlaybackEngines/WindowsStandaloneSupport/UnityEditor.WindowsStandalone.Extensions.dll
Register platform support module: /Applications/Unity/Hub/Editor/2020.3.2f1/PlaybackEngines/LinuxStandaloneSupport/UnityEditor.LinuxStandalone.Extensions.dll
Registered in 0.004072 seconds.
Native extension for LinuxStandalone target not found
Native extension for WindowsStandalone target not found
Native extension for OSXStandalone target not found
Refreshing native plugins compatible for Editor in 30.30 ms, found 1 plugins.
Preloading 0 native plugins for Editor in 0.00 ms.
Invoked RoslynAnalysisRunner static constructor.
RoslynAnalysisRunner will not be running.
RoslynAnalysisRunner has terminated.
Mono: successfully reloaded assembly
- Completed reload, in  5.555 seconds
Platform modules already initialized, skipping
Registering precompiled user dll's ...
Registered in 0.001430 seconds.
Begin MonoManager ReloadAssembly
Native extension for LinuxStandalone target not found
Native extension for WindowsStandalone target not found
Native extension for OSXStandalone target not found
Refreshing native plugins compatible for Editor in 0.38 ms, found 1 plugins.
Preloading 0 native plugins for Editor in 0.00 ms.
Invoked RoslynAnalysisRunner static constructor.
RoslynAnalysisRunner will not be running.
RoslynAnalysisRunner has terminated.
Mono: successfully reloaded assembly
- Completed reload, in  1.021 seconds
Platform modules already initialized, skipping
========================================================================
Worker process is ready to serve import requests
Launching external process: /Applications/Unity/Hub/Editor/2020.3.2f1/Unity.app/Contents/Tools/UnityShaderCompiler
Launched and connected shader compiler UnityShaderCompiler after 0.02 seconds
Refreshing native plugins compatible for Editor in 0.39 ms, found 1 plugins.
Preloading 0 native plugins for Editor in 0.00 ms.
Unloading 1251 Unused Serialized files (Serialized files now loaded: 0)
System memory in use before: 155.4 MB.
System memory in use after: 155.0 MB.

Unloading 11 unused Assets to reduce memory usage. Loaded Objects now: 1719.
Total: 3.623431 ms (FindLiveObjects: 0.307489 ms CreateObjectMapping: 0.087689 ms MarkObjects: 2.409043 ms  DeleteObjects: 0.817665 ms)

========================================================================
Received Import Request.
  path: Assets/Scripts/DreamCar01Track.cs
  artifactKey: Guid(72ff75d7db69e4a16ba5692cc23c2ccc) Importer(815301076,1909f56bfc062723c751e8b465ee728b)
Start importing Assets/Scripts/DreamCar01Track.cs using Guid(72ff75d7db69e4a16ba5692cc23c2ccc) Importer(815301076,1909f56bfc062723c751e8b465ee728b)  -> (artifact id: '00000000000000000000000000000000') in 0.404087 seconds
  ERROR: Build asset version error: assets/scripts/dreamcar01track.cs in SourceAssetDB has modification time of '2021-04-06T14:35:52Z' while content on disk has modification time of '2021-04-06T14:36:18Z'
  Import took 0.406547 seconds .

========================================================================
Received Import Request.
  Time since last request: 0.060575 seconds.
  path: Assets/Scripts/DreamCar01Track.cs
  artifactKey: Guid(72ff75d7db69e4a16ba5692cc23c2ccc) Importer(815301076,1909f56bfc062723c751e8b465ee728b)
Start importing Assets/Scripts/DreamCar01Track.cs using Guid(72ff75d7db69e4a16ba5692cc23c2ccc) Importer(815301076,1909f56bfc062723c751e8b465ee728b)  -> (artifact id: '00000000000000000000000000000000') in 0.001332 seconds
  ERROR: Build asset version error: assets/scripts/dreamcar01track.cs in SourceAssetDB has modification time of '2021-04-06T14:35:52Z' while content on disk has modification time of '2021-04-06T14:36:18Z'
  Import took 0.004546 seconds .

========================================================================
Received Import Request.
  Time since last request: 0.088692 seconds.
  path: Assets/Scripts/DreamCar01Track.cs
  artifactKey: Guid(72ff75d7db69e4a16ba5692cc23c2ccc) Importer(815301076,1909f56bfc062723c751e8b465ee728b)
Start importing Assets/Scripts/DreamCar01Track.cs using Guid(72ff75d7db69e4a16ba5692cc23c2ccc) Importer(815301076,1909f56bfc062723c751e8b465ee728b)  -> (artifact id: '00000000000000000000000000000000') in 0.001863 seconds
  ERROR: Build asset version error: assets/scripts/dreamcar01track.cs in SourceAssetDB has modification time of '2021-04-06T14:35:52Z' while content on disk has modification time of '2021-04-06T14:36:18Z'
  Import took 0.004470 seconds .

========================================================================
Received Import Request.
  Time since last request: 0.100980 seconds.
  path: Assets/Scripts/DreamCar01Track.cs
  artifactKey: Guid(72ff75d7db69e4a16ba5692cc23c2ccc) Importer(815301076,1909f56bfc062723c751e8b465ee728b)
Start importing Assets/Scripts/DreamCar01Track.cs using Guid(72ff75d7db69e4a16ba5692cc23c2ccc) Importer(815301076,1909f56bfc062723c751e8b465ee728b)  -> (artifact id: '00000000000000000000000000000000') in 0.000836 seconds
  ERROR: Build asset version error: assets/scripts/dreamcar01track.cs in SourceAssetDB has modification time of '2021-04-06T14:35:52Z' while content on disk has modification time of '2021-04-06T14:36:18Z'
  Import took 0.003525 seconds .

========================================================================
Received Import Request.
  Time since last request: 0.095692 seconds.
  path: Assets/Scripts/DreamCar01Track.cs
  artifactKey: Guid(72ff75d7db69e4a16ba5692cc23c2ccc) Importer(815301076,1909f56bfc062723c751e8b465ee728b)
Start importing Assets/Scripts/DreamCar01Track.cs using Guid(72ff75d7db69e4a16ba5692cc23c2ccc) Importer(815301076,1909f56bfc062723c751e8b465ee728b)  -> (artifact id: '00000000000000000000000000000000') in 0.001038 seconds
  ERROR: Build asset version error: assets/scripts/dreamcar01track.cs in SourceAssetDB has modification time of '2021-04-06T14:35:52Z' while content on disk has modification time of '2021-04-06T14:36:18Z'
  Import took 0.004284 seconds .

========================================================================
Received Import Request.
  Time since last request: 0.098474 seconds.
  path: Assets/Scripts/DreamCar01Track.cs
  artifactKey: Guid(72ff75d7db69e4a16ba5692cc23c2ccc) Importer(815301076,1909f56bfc062723c751e8b465ee728b)
Start importing Assets/Scripts/DreamCar01Track.cs using Guid(72ff75d7db69e4a16ba5692cc23c2ccc) Importer(815301076,1909f56bfc062723c751e8b465ee728b)  -> (artifact id: '00000000000000000000000000000000') in 0.000890 seconds
  ERROR: Build asset version error: assets/scripts/dreamcar01track.cs in SourceAssetDB has modification time of '2021-04-06T14:35:52Z' while content on disk has modification time of '2021-04-06T14:36:18Z'
  Import took 0.003772 seconds .

========================================================================
Received Import Request.
  Time since last request: 0.092869 seconds.
  path: Assets/Scripts/DreamCar01Track.cs
  artifactKey: Guid(72ff75d7db69e4a16ba5692cc23c2ccc) Importer(815301076,1909f56bfc062723c751e8b465ee728b)
Start importing Assets/Scripts/DreamCar01Track.cs using Guid(72ff75d7db69e4a16ba5692cc23c2ccc) Importer(815301076,1909f56bfc062723c751e8b465ee728b)  -> (artifact id: '00000000000000000000000000000000') in 0.000966 seconds
  ERROR: Build asset version error: assets/scripts/dreamcar01track.cs in SourceAssetDB has modification time of '2021-04-06T14:35:52Z' while content on disk has modification time of '2021-04-06T14:36:18Z'
  Import took 0.003531 seconds .

========================================================================
Received Import Request.
  Time since last request: 0.096746 seconds.
  path: Assets/Scripts/DreamCar01Track.cs
  artifactKey: Guid(72ff75d7db69e4a16ba5692cc23c2ccc) Importer(815301076,1909f56bfc062723c751e8b465ee728b)
Start importing Assets/Scripts/DreamCar01Track.cs using Guid(72ff75d7db69e4a16ba5692cc23c2ccc) Importer(815301076,1909f56bfc062723c751e8b465ee728b)  -> (artifact id: '00000000000000000000000000000000') in 0.000898 seconds
  ERROR: Build asset version error: assets/scripts/dreamcar01track.cs in SourceAssetDB has modification time of '2021-04-06T14:35:52Z' while content on disk has modification time of '2021-04-06T14:36:18Z'
  Import took 0.003733 seconds .

========================================================================
Received Import Request.
  Time since last request: 0.101312 seconds.
  path: Assets/Scripts/DreamCar01Track.cs
  artifactKey: Guid(72ff75d7db69e4a16ba5692cc23c2ccc) Importer(815301076,1909f56bfc062723c751e8b465ee728b)
Start importing Assets/Scripts/DreamCar01Track.cs using Guid(72ff75d7db69e4a16ba5692cc23c2ccc) Importer(815301076,1909f56bfc062723c751e8b465ee728b)  -> (artifact id: '00000000000000000000000000000000') in 0.000933 seconds
  ERROR: Build asset version error: assets/scripts/dreamcar01track.cs in SourceAssetDB has modification time of '2021-04-06T14:35:52Z' while content on disk has modification time of '2021-04-06T14:36:18Z'
  Import took 0.003499 seconds .

========================================================================
Received Import Request.
  Time since last request: 0.100745 seconds.
  path: Assets/Scripts/DreamCar01Track.cs
  artifactKey: Guid(72ff75d7db69e4a16ba5692cc23c2ccc) Importer(815301076,1909f56bfc062723c751e8b465ee728b)
Start importing Assets/Scripts/DreamCar01Track.cs using Guid(72ff75d7db69e4a16ba5692cc23c2ccc) Importer(815301076,1909f56bfc062723c751e8b465ee728b)  -> (artifact id: '00000000000000000000000000000000') in 0.000884 seconds
  ERROR: Build asset version error: assets/scripts/dreamcar01track.cs in SourceAssetDB has modification time of '2021-04-06T14:35:52Z' while content on disk has modification time of '2021-04-06T14:36:18Z'
  Import took 0.003222 seconds .

========================================================================
Received Import Request.
  Time since last request: 0.115156 seconds.
  path: Assets/Scripts/DreamCar01Track.cs
  artifactKey: Guid(72ff75d7db69e4a16ba5692cc23c2ccc) Importer(815301076,1909f56bfc062723c751e8b465ee728b)
Start importing Assets/Scripts/DreamCar01Track.cs using Guid(72ff75d7db69e4a16ba5692cc23c2ccc) Importer(815301076,1909f56bfc062723c751e8b465ee728b)  -> (artifact id: '00000000000000000000000000000000') in 0.001030 seconds
  ERROR: Build asset version error: assets/scripts/dreamcar01track.cs in SourceAssetDB has modification time of '2021-04-06T14:35:52Z' while content on disk has modification time of '2021-04-06T14:36:18Z'
  Import took 0.003980 seconds .

========================================================================
Received Import Request.
  Time since last request: 0.096858 seconds.
  path: Assets/Scripts/DreamCar01Track.cs
  artifactKey: Guid(72ff75d7db69e4a16ba5692cc23c2ccc) Importer(815301076,1909f56bfc062723c751e8b465ee728b)
Start importing Assets/Scripts/DreamCar01Track.cs using Guid(72ff75d7db69e4a16ba5692cc23c2ccc) Importer(815301076,1909f56bfc062723c751e8b465ee728b)  -> (artifact id: '00000000000000000000000000000000') in 0.001255 seconds
  ERROR: Build asset version error: assets/scripts/dreamcar01track.cs in SourceAssetDB has modification time of '2021-04-06T14:35:52Z' while content on disk has modification time of '2021-04-06T14:36:18Z'
  Import took 0.004436 seconds .

========================================================================
Received Import Request.
  Time since last request: 0.073375 seconds.
  path: Assets/Scripts/DreamCar01Track.cs
  artifactKey: Guid(72ff75d7db69e4a16ba5692cc23c2ccc) Importer(815301076,1909f56bfc062723c751e8b465ee728b)
Start importing Assets/Scripts/DreamCar01Track.cs using Guid(72ff75d7db69e4a16ba5692cc23c2ccc) Importer(815301076,1909f56bfc062723c751e8b465ee728b)  -> (artifact id: '00000000000000000000000000000000') in 0.000800 seconds
  ERROR: Build asset version error: assets/scripts/dreamcar01track.cs in SourceAssetDB has modification time of '2021-04-06T14:35:52Z' while content on disk has modification time of '2021-04-06T14:36:18Z'
  Import took 0.003302 seconds .

========================================================================
Received Import Request.
  Time since last request: 2.157834 seconds.
  path: Assets/Scripts/DreamCar01Track.cs
  artifactKey: Guid(72ff75d7db69e4a16ba5692cc23c2ccc) Importer(815301076,1909f56bfc062723c751e8b465ee728b)
Start importing Assets/Scripts/DreamCar01Track.cs using Guid(72ff75d7db69e4a16ba5692cc23c2ccc) Importer(815301076,1909f56bfc062723c751e8b465ee728b)  -> (artifact id: 'f7e2cca03bc3dfe1bc07b6b0ec3b5964') in 0.003236 seconds
  Import took 0.006509 seconds .

========================================================================
Received Import Request.
  Time since last request: 0.050475 seconds.
  path: Assets/Scripts/DreamCar01Track.cs
  artifactKey: Guid(72ff75d7db69e4a16ba5692cc23c2ccc) Importer(815301076,1909f56bfc062723c751e8b465ee728b)
Start importing Assets/Scripts/DreamCar01Track.cs using Guid(72ff75d7db69e4a16ba5692cc23c2ccc) Importer(815301076,1909f56bfc062723c751e8b465ee728b)  -> (artifact id: 'f7e2cca03bc3dfe1bc07b6b0ec3b5964') in 0.001758 seconds
  Import took 0.004255 seconds .

========================================================================
Received Import Request.
  Time since last request: 508.972054 seconds.
  path: Assets/SampleScenes/Scripts
  artifactKey: Guid(6b3da2c3291b36b4c9d431fad18e9b0f) Importer(815301076,1909f56bfc062723c751e8b465ee728b)
Start importing Assets/SampleScenes/Scripts using Guid(6b3da2c3291b36b4c9d431fad18e9b0f) Importer(815301076,1909f56bfc062723c751e8b465ee728b)  -> (artifact id: '42ec86073df1594ed9ec7e0d37efda16') in 0.001384 seconds
  Import took 0.004748 seconds .

========================================================================
Received Prepare
Registering precompiled user dll's ...
Registered in 0.000537 seconds.
Begin MonoManager ReloadAssembly
Native extension for LinuxStandalone target not found
Native extension for WindowsStandalone target not found
Native extension for OSXStandalone target not found
Refreshing native plugins compatible for Editor in 0.34 ms, found 1 plugins.
Preloading 0 native plugins for Editor in 0.00 ms.
Invoked RoslynAnalysisRunner static constructor.
RoslynAnalysisRunner will not be running.
RoslynAnalysisRunner has terminated.
Mono: successfully reloaded assembly
- Completed reload, in  0.992 seconds
Platform modules already initialized, skipping
Refreshing native plugins compatible for Editor in 0.42 ms, found 1 plugins.
Preloading 0 native plugins for Editor in 0.00 ms.
Unloading 1226 Unused Serialized files (Serialized files now loaded: 0)
System memory in use before: 157.8 MB.
System memory in use after: 157.4 MB.

Unloading 6 unused Assets to reduce memory usage. Loaded Objects now: 1722.
Total: 2.522603 ms (FindLiveObjects: 0.381541 ms CreateObjectMapping: 0.071546 ms MarkObjects: 1.512337 ms  DeleteObjects: 0.555817 ms)

========================================================================
Received Import Request.
  Time since last request: 3641.268476 seconds.
  path: Assets/Scripts/DreamCar01Track.cs
  artifactKey: Guid(72ff75d7db69e4a16ba5692cc23c2ccc) Importer(815301076,1909f56bfc062723c751e8b465ee728b)
Start importing Assets/Scripts/DreamCar01Track.cs using Guid(72ff75d7db69e4a16ba5692cc23c2ccc) Importer(815301076,1909f56bfc062723c751e8b465ee728b)  -> (artifact id: '388b1003f337ea4ccf214eec519069d7') in 0.010230 seconds
  Import took 0.013689 seconds .

========================================================================
Received Prepare
Registering precompiled user dll's ...
Registered in 0.002468 seconds.
Begin MonoManager ReloadAssembly
Native extension for LinuxStandalone target not found
Native extension for WindowsStandalone target not found
Native extension for OSXStandalone target not found
Refreshing native plugins compatible for Editor in 0.71 ms, found 1 plugins.
Preloading 0 native plugins for Editor in 0.00 ms.
Invoked RoslynAnalysisRunner static constructor.
RoslynAnalysisRunner will not be running.
RoslynAnalysisRunner has terminated.
Mono: successfully reloaded assembly
- Completed reload, in  3.823 seconds
Platform modules already initialized, skipping
Refreshing native plugins compatible for Editor in 0.61 ms, found 1 plugins.
Preloading 0 native plugins for Editor in 0.00 ms.
Unloading 1226 Unused Serialized files (Serialized files now loaded: 0)
System memory in use before: 158.1 MB.
System memory in use after: 157.7 MB.

Unloading 6 unused Assets to reduce memory usage. Loaded Objects now: 1725.
Total: 5.487977 ms (FindLiveObjects: 0.501554 ms CreateObjectMapping: 0.105860 ms MarkObjects: 3.468309 ms  DeleteObjects: 1.409492 ms)

========================================================================
Received Prepare
Registering precompiled user dll's ...
Registered in 0.000562 seconds.
Begin MonoManager ReloadAssembly
Native extension for LinuxStandalone target not found
Native extension for WindowsStandalone target not found
Native extension for OSXStandalone target not found
Refreshing native plugins compatible for Editor in 0.35 ms, found 1 plugins.
Preloading 0 native plugins for Editor in 0.00 ms.
Invoked RoslynAnalysisRunner static constructor.
RoslynAnalysisRunner will not be running.
RoslynAnalysisRunner has terminated.
Mono: successfully reloaded assembly
- Completed reload, in  0.903 seconds
Platform modules already initialized, skipping
Refreshing native plugins compatible for Editor in 0.35 ms, found 1 plugins.
Preloading 0 native plugins for Editor in 0.00 ms.
Unloading 1226 Unused Serialized files (Serialized files now loaded: 0)
System memory in use before: 158.3 MB.
System memory in use after: 157.9 MB.

Unloading 6 unused Assets to reduce memory usage. Loaded Objects now: 1728.
Total: 3.204348 ms (FindLiveObjects: 0.304533 ms CreateObjectMapping: 0.067100 ms MarkObjects: 1.977020 ms  DeleteObjects: 0.853219 ms)

========================================================================
Received Prepare
Registering precompiled user dll's ...
Registered in 0.001772 seconds.
Begin MonoManager ReloadAssembly
Native extension for LinuxStandalone target not found
Native extension for WindowsStandalone target not found
Native extension for OSXStandalone target not found
Refreshing native plugins compatible for Editor in 0.40 ms, found 1 plugins.
Preloading 0 native plugins for Editor in 0.00 ms.
Invoked RoslynAnalysisRunner static constructor.
RoslynAnalysisRunner will not be running.
RoslynAnalysisRunner has terminated.
Mono: successfully reloaded assembly
- Completed reload, in  1.035 seconds
Platform modules already initialized, skipping
Refreshing native plugins compatible for Editor in 0.49 ms, found 1 plugins.
Preloading 0 native plugins for Editor in 0.00 ms.
Unloading 1226 Unused Serialized files (Serialized files now loaded: 0)
System memory in use before: 158.6 MB.
System memory in use after: 158.2 MB.

Unloading 6 unused Assets to reduce memory usage. Loaded Objects now: 1731.
Total: 4.256203 ms (FindLiveObjects: 0.552270 ms CreateObjectMapping: 0.201942 ms MarkObjects: 2.572529 ms  DeleteObjects: 0.927148 ms)

